[Tue Jan 27 08:00:07 WIB 2026] Backup started
======================================================================
AutoMySQLBackup VER 2.5
http://sourceforge.net/projects/automysqlbackup/

Backup of Database Server - host.docker.internal
======================================================================
Backup Start Tue Jan 27 08:05:01 WIB 2026
======================================================================
Daily Backup of Databases ( laundry web_laundry transupn )

Rotating last weeks Backup...

No compression option set, check advanced settings
----------------------------------------------------------------------
Backup End Time Tue Jan 27 08:05:01 WIB 2026
======================================================================
Total disk space used for backup storage..
Size - Location
104K /backups

======================================================================
If you find AutoMySQLBackup valuable please make a donation at
http://sourceforge.net/project/project_donations.php?group_id=101066
======================================================================

###### WARNING ######
Errors reported during AutoMySQLBackup execution.. Backup failed
Error log below..
mysqldump: Got error: 2002: "Can't connect to server on 'host.docker.internal' (115)" when trying to connect
[Tue Jan 27 08:00:07 WIB 2026] Backup started
======================================================================
AutoMySQLBackup VER 2.5
http://sourceforge.net/projects/automysqlbackup/

Backup of Database Server - host.docker.internal
======================================================================
Backup Start Tue Jan 27 08:14:31 WIB 2026
======================================================================
Daily Backup of Databases ( laundry web_laundry transupn )

Rotating last weeks Backup...

No compression option set, check advanced settings
----------------------------------------------------------------------
Backup End Time Tue Jan 27 08:14:31 WIB 2026
======================================================================
Total disk space used for backup storage..
Size - Location
12K /backups

======================================================================
If you find AutoMySQLBackup valuable please make a donation at
http://sourceforge.net/project/project_donations.php?group_id=101066
======================================================================

###### WARNING ######
Errors reported during AutoMySQLBackup execution.. Backup failed
Error log below..
mysqldump: Got error: 2002: "Can't connect to server on 'host.docker.internal' (115)" when trying to connect
[Tue Jan 27 08:00:07 WIB 2026] Backup started
======================================================================
AutoMySQLBackup VER 2.5
http://sourceforge.net/projects/automysqlbackup/

Backup of Database Server - host.docker.internal
======================================================================
Backup Start Tue Jan 27 08:15:02 WIB 2026
======================================================================
Daily Backup of Databases ( laundry web_laundry transupn )

Rotating last weeks Backup...

No compression option set, check advanced settings
----------------------------------------------------------------------
Backup End Time Tue Jan 27 08:15:02 WIB 2026
======================================================================
Total disk space used for backup storage..
Size - Location
12K /backups

======================================================================
If you find AutoMySQLBackup valuable please make a donation at
http://sourceforge.net/project/project_donations.php?group_id=101066
======================================================================

###### WARNING ######
Errors reported during AutoMySQLBackup execution.. Backup failed
Error log below..
mysqldump: Got error: 2002: "Can't connect to server on 'host.docker.internal' (115)" when trying to connect
[Tue Jan 27 08:00:07 WIB 2026] Backup started
======================================================================
AutoMySQLBackup VER 2.5
http://sourceforge.net/projects/automysqlbackup/

Backup of Database Server - host.docker.internal
======================================================================
Backup Start Tue Jan 27 08:20:01 WIB 2026
======================================================================
Daily Backup of Databases ( laundry web_laundry transupn )

Rotating last weeks Backup...

No compression option set, check advanced settings
----------------------------------------------------------------------
Backup End Time Tue Jan 27 08:20:01 WIB 2026
======================================================================
Total disk space used for backup storage..
Size - Location
12K /backups

======================================================================
If you find AutoMySQLBackup valuable please make a donation at
http://sourceforge.net/project/project_donations.php?group_id=101066
======================================================================

###### WARNING ######
Errors reported during AutoMySQLBackup execution.. Backup failed
Error log below..
mysqldump: Got error: 2002: "Can't connect to server on 'host.docker.internal' (115)" when trying to connect
[Tue Jan 27 08:00:07 WIB 2026] Backup started
======================================================================
AutoMySQLBackup VER 2.5
http://sourceforge.net/projects/automysqlbackup/

Backup of Database Server - host.docker.internal
======================================================================
Backup Start Tue Jan 27 08:25:01 WIB 2026
======================================================================
Daily Backup of Databases ( laundry web_laundry transupn )

Rotating last weeks Backup...

No compression option set, check advanced settings
----------------------------------------------------------------------
Backup End Time Tue Jan 27 08:25:01 WIB 2026
======================================================================
Total disk space used for backup storage..
Size - Location
16K /backups

======================================================================
If you find AutoMySQLBackup valuable please make a donation at
http://sourceforge.net/project/project_donations.php?group_id=101066
======================================================================

###### WARNING ######
Errors reported during AutoMySQLBackup execution.. Backup failed
Error log below..
mysqldump: Got error: 2002: "Can't connect to server on 'host.docker.internal' (115)" when trying to connect
[Tue Jan 27 08:00:07 WIB 2026] Backup started
======================================================================
AutoMySQLBackup VER 2.5
http://sourceforge.net/projects/automysqlbackup/

Backup of Database Server - host.docker.internal
======================================================================
Backup Start Tue Jan 27 08:30:01 WIB 2026
======================================================================
Daily Backup of Databases ( laundry web_laundry transupn )

Rotating last weeks Backup...

No compression option set, check advanced settings
----------------------------------------------------------------------
Backup End Time Tue Jan 27 08:30:01 WIB 2026
======================================================================
Total disk space used for backup storage..
Size - Location
16K /backups

======================================================================
If you find AutoMySQLBackup valuable please make a donation at
http://sourceforge.net/project/project_donations.php?group_id=101066
======================================================================

###### WARNING ######
Errors reported during AutoMySQLBackup execution.. Backup failed
Error log below..
mysqldump: Got error: 2002: "Can't connect to server on 'host.docker.internal' (115)" when trying to connect
[Tue Jan 27 08:00:07 WIB 2026] Backup started
======================================================================
AutoMySQLBackup VER 2.5
http://sourceforge.net/projects/automysqlbackup/

Backup of Database Server - host.docker.internal
======================================================================
Backup Start Tue Jan 27 08:35:01 WIB 2026
======================================================================
Daily Backup of Databases ( laundry web_laundry transupn )

Rotating last weeks Backup...

No compression option set, check advanced settings
----------------------------------------------------------------------
Backup End Time Tue Jan 27 08:35:01 WIB 2026
======================================================================
Total disk space used for backup storage..
Size - Location
16K /backups

======================================================================
If you find AutoMySQLBackup valuable please make a donation at
http://sourceforge.net/project/project_donations.php?group_id=101066
======================================================================

###### WARNING ######
Errors reported during AutoMySQLBackup execution.. Backup failed
Error log below..
mysqldump: Got error: 2002: "Can't connect to server on 'host.docker.internal' (115)" when trying to connect
[Tue Jan 27 08:00:07 WIB 2026] Backup started
======================================================================
AutoMySQLBackup VER 2.5
http://sourceforge.net/projects/automysqlbackup/

Backup of Database Server - host.docker.internal
======================================================================
Backup Start Tue Jan 27 08:40:01 WIB 2026
======================================================================
Daily Backup of Databases ( laundry web_laundry transupn )

Rotating last weeks Backup...

No compression option set, check advanced settings
----------------------------------------------------------------------
Backup End Time Tue Jan 27 08:40:01 WIB 2026
======================================================================
Total disk space used for backup storage..
Size - Location
20K /backups

======================================================================
If you find AutoMySQLBackup valuable please make a donation at
http://sourceforge.net/project/project_donations.php?group_id=101066
======================================================================

###### WARNING ######
Errors reported during AutoMySQLBackup execution.. Backup failed
Error log below..
mysqldump: Got error: 2002: "Can't connect to server on 'host.docker.internal' (115)" when trying to connect
[Tue Jan 27 08:00:07 WIB 2026] Backup started
======================================================================
AutoMySQLBackup VER 2.5
http://sourceforge.net/projects/automysqlbackup/

Backup of Database Server - host.docker.internal
======================================================================
Backup Start Tue Jan 27 08:45:01 WIB 2026
======================================================================
Daily Backup of Databases ( laundry web_laundry transupn )

Rotating last weeks Backup...

No compression option set, check advanced settings
----------------------------------------------------------------------
Backup End Time Tue Jan 27 08:45:01 WIB 2026
======================================================================
Total disk space used for backup storage..
Size - Location
20K /backups

======================================================================
If you find AutoMySQLBackup valuable please make a donation at
http://sourceforge.net/project/project_donations.php?group_id=101066
======================================================================

###### WARNING ######
Errors reported during AutoMySQLBackup execution.. Backup failed
Error log below..
mysqldump: Got error: 2002: "Can't connect to server on 'host.docker.internal' (115)" when trying to connect
[Tue Jan 27 08:00:07 WIB 2026] Backup started
======================================================================
AutoMySQLBackup VER 2.5
http://sourceforge.net/projects/automysqlbackup/

Backup of Database Server - host.docker.internal
======================================================================
Backup Start Tue Jan 27 08:50:02 WIB 2026
======================================================================
Daily Backup of Databases ( laundry web_laundry transupn )

Rotating last weeks Backup...

No compression option set, check advanced settings
----------------------------------------------------------------------
Backup End Time Tue Jan 27 08:50:02 WIB 2026
======================================================================
Total disk space used for backup storage..
Size - Location
20K /backups

======================================================================
If you find AutoMySQLBackup valuable please make a donation at
http://sourceforge.net/project/project_donations.php?group_id=101066
======================================================================

###### WARNING ######
Errors reported during AutoMySQLBackup execution.. Backup failed
Error log below..
mysqldump: Got error: 2002: "Can't connect to server on 'host.docker.internal' (115)" when trying to connect
[Tue Jan 27 08:00:07 WIB 2026] Backup started
======================================================================
AutoMySQLBackup VER 2.5
http://sourceforge.net/projects/automysqlbackup/

Backup of Database Server - host.docker.internal
======================================================================
Backup Start Tue Jan 27 08:55:01 WIB 2026
======================================================================
Daily Backup of Databases ( laundry web_laundry transupn )

Rotating last weeks Backup...

No compression option set, check advanced settings
----------------------------------------------------------------------
Backup End Time Tue Jan 27 08:55:01 WIB 2026
======================================================================
Total disk space used for backup storage..
Size - Location
56K /backups

======================================================================
If you find AutoMySQLBackup valuable please make a donation at
http://sourceforge.net/project/project_donations.php?group_id=101066
======================================================================
[Tue Jan 27 08:00:07 WIB 2026] Backup started
======================================================================
AutoMySQLBackup VER 2.5
http://sourceforge.net/projects/automysqlbackup/

Backup of Database Server - host.docker.internal
======================================================================
Backup Start Tue Jan 27 09:00:01 WIB 2026
======================================================================
Daily Backup of Databases ( laundry web_laundry transupn )

Rotating last weeks Backup...

No compression option set, check advanced settings
----------------------------------------------------------------------
Backup End Time Tue Jan 27 09:00:01 WIB 2026
======================================================================
Total disk space used for backup storage..
Size - Location
88K /backups

======================================================================
If you find AutoMySQLBackup valuable please make a donation at
http://sourceforge.net/project/project_donations.php?group_id=101066
======================================================================
[Tue Jan 27 08:00:07 WIB 2026] Backup started
======================================================================
AutoMySQLBackup VER 2.5
http://sourceforge.net/projects/automysqlbackup/

Backup of Database Server - host.docker.internal
======================================================================
Backup Start Tue Jan 27 09:05:01 WIB 2026
======================================================================
Daily Backup of Databases ( laundry web_laundry transupn )

Rotating last weeks Backup...

No compression option set, check advanced settings
----------------------------------------------------------------------
Backup End Time Tue Jan 27 09:05:02 WIB 2026
======================================================================
Total disk space used for backup storage..
Size - Location
120K /backups

======================================================================
If you find AutoMySQLBackup valuable please make a donation at
http://sourceforge.net/project/project_donations.php?group_id=101066
======================================================================
[Tue Jan 27 08:00:07 WIB 2026] Backup started
======================================================================
AutoMySQLBackup VER 2.5
http://sourceforge.net/projects/automysqlbackup/

Backup of Database Server - host.docker.internal
======================================================================
Backup Start Tue Jan 27 09:10:01 WIB 2026
======================================================================
Daily Backup of Databases ( laundry web_laundry transupn )

Rotating last weeks Backup...

No compression option set, check advanced settings
----------------------------------------------------------------------
Backup End Time Tue Jan 27 09:10:01 WIB 2026
======================================================================
Total disk space used for backup storage..
Size - Location
124K /backups

======================================================================
If you find AutoMySQLBackup valuable please make a donation at
http://sourceforge.net/project/project_donations.php?group_id=101066
======================================================================
[Tue Jan 27 08:00:07 WIB 2026] Backup started
======================================================================
AutoMySQLBackup VER 2.5
http://sourceforge.net/projects/automysqlbackup/

Backup of Database Server - host.docker.internal
======================================================================
Backup Start Tue Jan 27 09:15:01 WIB 2026
======================================================================
Daily Backup of Databases ( laundry web_laundry transupn )

Rotating last weeks Backup...

No compression option set, check advanced settings
----------------------------------------------------------------------
Backup End Time Tue Jan 27 09:15:02 WIB 2026
======================================================================
Total disk space used for backup storage..
Size - Location
156K /backups

======================================================================
If you find AutoMySQLBackup valuable please make a donation at
http://sourceforge.net/project/project_donations.php?group_id=101066
======================================================================
[Tue Jan 27 08:00:07 WIB 2026] Backup started
======================================================================
AutoMySQLBackup VER 2.5
http://sourceforge.net/projects/automysqlbackup/

Backup of Database Server - host.docker.internal
======================================================================
Backup Start Tue Jan 27 09:20:01 WIB 2026
======================================================================
Daily Backup of Databases ( laundry web_laundry transupn )

Rotating last weeks Backup...

No compression option set, check advanced settings
----------------------------------------------------------------------
Backup End Time Tue Jan 27 09:20:01 WIB 2026
======================================================================
Total disk space used for backup storage..
Size - Location
124K /backups

======================================================================
If you find AutoMySQLBackup valuable please make a donation at
http://sourceforge.net/project/project_donations.php?group_id=101066
======================================================================
[Tue Jan 27 08:00:07 WIB 2026] Backup started
======================================================================
AutoMySQLBackup VER 2.5
http://sourceforge.net/projects/automysqlbackup/

Backup of Database Server - host.docker.internal
======================================================================
Backup Start Tue Jan 27 09:25:01 WIB 2026
======================================================================
Daily Backup of Databases ( laundry web_laundry transupn )

Rotating last weeks Backup...

No compression option set, check advanced settings
----------------------------------------------------------------------
Backup End Time Tue Jan 27 09:25:01 WIB 2026
======================================================================
Total disk space used for backup storage..
Size - Location
92K /backups

======================================================================
If you find AutoMySQLBackup valuable please make a donation at
http://sourceforge.net/project/project_donations.php?group_id=101066
======================================================================
[Tue Jan 27 08:00:07 WIB 2026] Backup started
======================================================================
AutoMySQLBackup VER 2.5
http://sourceforge.net/projects/automysqlbackup/

Backup of Database Server - host.docker.internal
======================================================================
Backup Start Tue Jan 27 09:30:01 WIB 2026
======================================================================
Daily Backup of Databases ( laundry web_laundry transupn )

Rotating last weeks Backup...

No compression option set, check advanced settings
----------------------------------------------------------------------
Backup End Time Tue Jan 27 09:30:01 WIB 2026
======================================================================
Total disk space used for backup storage..
Size - Location
128K /backups

======================================================================
If you find AutoMySQLBackup valuable please make a donation at
http://sourceforge.net/project/project_donations.php?group_id=101066
======================================================================
[Tue Jan 27 08:00:07 WIB 2026] Backup started
======================================================================
AutoMySQLBackup VER 2.5
http://sourceforge.net/projects/automysqlbackup/

Backup of Database Server - host.docker.internal
======================================================================
Backup Start Tue Jan 27 09:35:01 WIB 2026
======================================================================
Daily Backup of Databases ( laundry web_laundry transupn )

Rotating last weeks Backup...

No compression option set, check advanced settings
----------------------------------------------------------------------
Backup End Time Tue Jan 27 09:35:01 WIB 2026
======================================================================
Total disk space used for backup storage..
Size - Location
128K /backups

======================================================================
If you find AutoMySQLBackup valuable please make a donation at
http://sourceforge.net/project/project_donations.php?group_id=101066
======================================================================
[Tue Jan 27 08:00:07 WIB 2026] Backup started
======================================================================
AutoMySQLBackup VER 2.5
http://sourceforge.net/projects/automysqlbackup/

Backup of Database Server - host.docker.internal
======================================================================
Backup Start Tue Jan 27 09:40:01 WIB 2026
======================================================================
Daily Backup of Databases ( laundry web_laundry transupn )

Rotating last weeks Backup...

No compression option set, check advanced settings
----------------------------------------------------------------------
Backup End Time Tue Jan 27 09:40:02 WIB 2026
======================================================================
Total disk space used for backup storage..
Size - Location
96K /backups

======================================================================
If you find AutoMySQLBackup valuable please make a donation at
http://sourceforge.net/project/project_donations.php?group_id=101066
======================================================================
[Tue Jan 27 08:00:07 WIB 2026] Backup started
======================================================================
AutoMySQLBackup VER 2.5
http://sourceforge.net/projects/automysqlbackup/

Backup of Database Server - host.docker.internal
======================================================================
Backup Start Tue Jan 27 09:45:01 WIB 2026
======================================================================
Daily Backup of Databases ( laundry web_laundry transupn )

Rotating last weeks Backup...

No compression option set, check advanced settings
----------------------------------------------------------------------
Backup End Time Tue Jan 27 09:45:02 WIB 2026
======================================================================
Total disk space used for backup storage..
Size - Location
128K /backups

======================================================================
If you find AutoMySQLBackup valuable please make a donation at
http://sourceforge.net/project/project_donations.php?group_id=101066
======================================================================
[Tue Jan 27 08:00:07 WIB 2026] Backup started
======================================================================
AutoMySQLBackup VER 2.5
http://sourceforge.net/projects/automysqlbackup/

Backup of Database Server - host.docker.internal
======================================================================
Backup Start Tue Jan 27 09:50:01 WIB 2026
======================================================================
Daily Backup of Databases ( laundry web_laundry transupn )

Rotating last weeks Backup...

No compression option set, check advanced settings
----------------------------------------------------------------------
Backup End Time Tue Jan 27 09:50:02 WIB 2026
======================================================================
Total disk space used for backup storage..
Size - Location
132K /backups

======================================================================
If you find AutoMySQLBackup valuable please make a donation at
http://sourceforge.net/project/project_donations.php?group_id=101066
======================================================================
[Tue Jan 27 08:00:07 WIB 2026] Backup started
======================================================================
AutoMySQLBackup VER 2.5
http://sourceforge.net/projects/automysqlbackup/

Backup of Database Server - host.docker.internal
======================================================================
Backup Start Tue Jan 27 09:55:01 WIB 2026
======================================================================
Daily Backup of Databases ( laundry web_laundry transupn )

Rotating last weeks Backup...

No compression option set, check advanced settings
----------------------------------------------------------------------
Backup End Time Tue Jan 27 09:55:01 WIB 2026
======================================================================
Total disk space used for backup storage..
Size - Location
164K /backups

======================================================================
If you find AutoMySQLBackup valuable please make a donation at
http://sourceforge.net/project/project_donations.php?group_id=101066
======================================================================
[Tue Jan 27 08:00:07 WIB 2026] Backup started
======================================================================
AutoMySQLBackup VER 2.5
http://sourceforge.net/projects/automysqlbackup/

Backup of Database Server - host.docker.internal
======================================================================
Backup Start Tue Jan 27 10:00:01 WIB 2026
======================================================================
Daily Backup of Databases ( laundry web_laundry transupn )

Rotating last weeks Backup...

No compression option set, check advanced settings
----------------------------------------------------------------------
Backup End Time Tue Jan 27 10:00:01 WIB 2026
======================================================================
Total disk space used for backup storage..
Size - Location
100K /backups

======================================================================
If you find AutoMySQLBackup valuable please make a donation at
http://sourceforge.net/project/project_donations.php?group_id=101066
======================================================================
[Tue Jan 27 08:00:07 WIB 2026] Backup started
======================================================================
AutoMySQLBackup VER 2.5
http://sourceforge.net/projects/automysqlbackup/

Backup of Database Server - host.docker.internal
======================================================================
Backup Start Tue Jan 27 10:05:01 WIB 2026
======================================================================
Daily Backup of Databases ( laundry web_laundry transupn )

Rotating last weeks Backup...

No compression option set, check advanced settings
----------------------------------------------------------------------
Backup End Time Tue Jan 27 10:05:02 WIB 2026
======================================================================
Total disk space used for backup storage..
Size - Location
132K /backups

======================================================================
If you find AutoMySQLBackup valuable please make a donation at
http://sourceforge.net/project/project_donations.php?group_id=101066
======================================================================
[Tue Jan 27 08:00:07 WIB 2026] Backup started
======================================================================
AutoMySQLBackup VER 2.5
http://sourceforge.net/projects/automysqlbackup/

Backup of Database Server - host.docker.internal
======================================================================
Backup Start Tue Jan 27 10:10:01 WIB 2026
======================================================================
Daily Backup of Databases ( laundry web_laundry transupn )

Rotating last weeks Backup...

No compression option set, check advanced settings
----------------------------------------------------------------------
Backup End Time Tue Jan 27 10:10:01 WIB 2026
======================================================================
Total disk space used for backup storage..
Size - Location
104K /backups

======================================================================
If you find AutoMySQLBackup valuable please make a donation at
http://sourceforge.net/project/project_donations.php?group_id=101066
======================================================================
